<?xml version="1.0" encoding="UTF-8"?>
<testng-results ignored="0" total="1" passed="1" failed="0" skipped="0">
  <reporter-output>
  </reporter-output>
  <suite started-at="2022-09-29T14:10:40 IST" name="Default suite" finished-at="2022-09-29T14:10:40 IST" duration-ms="129">
    <groups>
    </groups>
    <test started-at="2022-09-29T14:10:40 IST" name="Default test" finished-at="2022-09-29T14:10:40 IST" duration-ms="129">
      <class name="SerializationDeserialization.SerializeWithObject">
        <test-method signature="serialisationwithObjectTest()[pri:0, instance:SerializationDeserialization.SerializeWithObject@1cbb87f3]" started-at="2022-09-29T14:10:40 IST" name="serialisationwithObjectTest" finished-at="2022-09-29T14:10:40 IST" duration-ms="107" status="PASS">
          <reporter-output>
          </reporter-output>
        </test-method> <!-- serialisationwithObjectTest -->
      </class> <!-- SerializationDeserialization.SerializeWithObject -->
    </test> <!-- Default test -->
  </suite> <!-- Default suite -->
</testng-results>
